<?xml version="1.0" encoding="utf-8"?>
<feed xmlns="http://www.w3.org/2005/Atom"><title>A Pelican Blog - Test 2</title><link href="/" rel="alternate"></link><link href="/feeds/test-2.atom.xml" rel="self"></link><id>/</id><updated>2021-01-12T18:20:00+00:00</updated><entry><title>My Second Blog Article</title><link href="/my-second-blog-article.html" rel="alternate"></link><published>2021-01-12T18:20:00+00:00</published><updated>2021-01-12T18:20:00+00:00</updated><author><name></name></author><id>tag:None,2021-01-12:/my-second-blog-article.html</id><content type="html">&lt;p&gt;This is a test 2&lt;/p&gt;</content><category term="Test 2"></category></entry></feed>